<?xml version="1.0" encoding="UTF-8"?>
<!-- Generated by org.testng.reporters.JUnitReportReporter -->
<testsuite skipped="0" hostname="PBP90MX" name="testcase.Login" tests="2" failures="0" timestamp="07 Sep 2021 18:00:04 GMT" time="64.174" errors="0">
  <testcase name="testcase1" time="26.899" classname="testcase.Login"/>
  <testcase name="testcase2" time="37.275" classname="testcase.Login"/>
</testsuite> <!-- testcase.Login -->
