<?xml version="1.0" encoding="UTF-8"?>
<!-- Generated by org.testng.reporters.JUnitReportReporter -->
<testsuite skipped="0" hostname="PBP90MX" name="testcase.Login" tests="1" failures="0" timestamp="06 Sep 2021 09:17:54 GMT" time="32.093" errors="0">
  <testcase name="testcase2" time="32.093" classname="testcase.Login"/>
</testsuite> <!-- testcase.Login -->
