<?xml version="1.0" encoding="UTF-8"?>
<!-- Generated by org.testng.reporters.JUnitReportReporter -->
<testsuite skipped="0" hostname="PBP90MX" name="testcase.Login" tests="2" failures="0" timestamp="08 Sep 2021 07:36:44 GMT" time="75.541" errors="0">
  <testcase name="testcase1" time="23.295" classname="testcase.Login"/>
  <testcase name="testcase2" time="52.246" classname="testcase.Login"/>
</testsuite> <!-- testcase.Login -->
