<?xml version="1.0" encoding="UTF-8"?>
<!-- Generated by org.testng.reporters.JUnitReportReporter -->
<testsuite skipped="0" hostname="PBP90MX" name="testcase.Login" tests="2" failures="0" timestamp="11 Sep 2021 20:27:39 GMT" time="46.655" errors="0">
  <testcase name="testcase1" time="18.814" classname="testcase.Login"/>
  <testcase name="testcase2" time="27.841" classname="testcase.Login"/>
</testsuite> <!-- testcase.Login -->
