<?xml version="1.0" encoding="UTF-8"?>
<!-- Generated by org.testng.reporters.JUnitReportReporter -->
<testsuite skipped="0" hostname="PBP90MX" name="testcase.Login" tests="2" failures="0" timestamp="07 Sep 2021 17:20:55 GMT" time="58.769" errors="0">
  <testcase name="testcase1" time="19.435" classname="testcase.Login"/>
  <testcase name="testcase2" time="39.334" classname="testcase.Login"/>
</testsuite> <!-- testcase.Login -->
