<?xml version="1.0" encoding="UTF-8"?>
<!-- Generated by org.testng.reporters.JUnitReportReporter -->
<testsuite skipped="0" hostname="PBP90MX" name="testcase.Login" tests="2" failures="0" timestamp="07 Sep 2021 11:47:27 GMT" time="54.297" errors="0">
  <testcase name="testcase1" time="21.167" classname="testcase.Login"/>
  <testcase name="testcase2" time="33.130" classname="testcase.Login"/>
</testsuite> <!-- testcase.Login -->
