<?xml version="1.0" encoding="UTF-8"?>
<!-- Generated by org.testng.reporters.JUnitReportReporter -->
<testsuite skipped="0" hostname="PBP90MX" name="test.Login" tests="1" failures="0" timestamp="05 Sep 2021 18:07:43 GMT" time="18.497" errors="0">
  <testcase name="login" time="18.497" classname="test.Login"/>
</testsuite> <!-- test.Login -->
